Command line:
   Procesador_tb_isim_beh.exe
     -simmode  gui
     -simrunnum  0
     -socket  57447

Mon Apr 25 13:15:58 2016


 Elaboration Time: 0.187201 sec

 Current Memory Usage: 1326.2 Meg

 Total Signals          : 50
 Total Nets             : 3703
 Total Signal Drivers   : 12
 Total Blocks           : 13
 Total Primitive Blocks : 11
 Total Processes        : 10
 Total Traceable Variables  : 11
 Total Scalar Nets and Variables : 4082
Total Line Count : 55

 Total Simulation Time: 0.187201 sec

 Current Memory Usage: 1326.2 Meg

Mon Apr 25 13:16:04 2016

