Release 14.7 - xst P.20131013 (nt64)
Copyright (c) 1995-2013 Xilinx, Inc.  All rights reserved.
--> Parameter TMPDIR set to xst/projnav.tmp


Total REAL time to Xst completion: 0.00 secs
Total CPU time to Xst completion: 0.07 secs
 
--> Parameter xsthdpdir set to xst


Total REAL time to Xst completion: 0.00 secs
Total CPU time to Xst completion: 0.07 secs
 
--> Reading design: Procesador1.prj

TABLE OF CONTENTS
  1) Synthesis Options Summary
  2) HDL Parsing
  3) HDL Elaboration
  4) HDL Synthesis
       4.1) HDL Synthesis Report
  5) Advanced HDL Synthesis
       5.1) Advanced HDL Synthesis Report
  6) Low Level Synthesis
  7) Partition Report
  8) Design Summary
       8.1) Primitive and Black Box Usage
       8.2) Device utilization summary
       8.3) Partition Resource Summary
       8.4) Timing Report
            8.4.1) Clock Information
            8.4.2) Asynchronous Control Signals Information
            8.4.3) Timing Summary
            8.4.4) Timing Details
            8.4.5) Cross Clock Domains Report


=========================================================================
*                      Synthesis Options Summary                        *
=========================================================================
---- Source Parameters
Input File Name                    : "Procesador1.prj"
Ignore Synthesis Constraint File   : NO

---- Target Parameters
Output File Name                   : "Procesador1"
Output Format                      : NGC
Target Device                      : xc7a100t-3-csg324

---- Source Options
Top Module Name                    : Procesador1
Automatic FSM Extraction           : YES
FSM Encoding Algorithm             : Auto
Safe Implementation                : No
FSM Style                          : LUT
RAM Extraction                     : Yes
RAM Style                          : Auto
ROM Extraction                     : Yes
Shift Register Extraction          : YES
ROM Style                          : Auto
Resource Sharing                   : YES
Asynchronous To Synchronous        : NO
Shift Register Minimum Size        : 2
Use DSP Block                      : Auto
Automatic Register Balancing       : No

---- Target Options
LUT Combining                      : Auto
Reduce Control Sets                : Auto
Add IO Buffers                     : YES
Global Maximum Fanout              : 100000
Add Generic Clock Buffer(BUFG)     : 32
Register Duplication               : YES
Optimize Instantiated Primitives   : NO
Use Clock Enable                   : Auto
Use Synchronous Set                : Auto
Use Synchronous Reset              : Auto
Pack IO Registers into IOBs        : Auto
Equivalent register Removal        : YES

---- General Options
Optimization Goal                  : Speed
Optimization Effort                : 1
Power Reduction                    : NO
Keep Hierarchy                     : No
Netlist Hierarchy                  : As_Optimized
RTL Output                         : Yes
Global Optimization                : AllClockNets
Read Cores                         : YES
Write Timing Constraints           : NO
Cross Clock Analysis               : NO
Hierarchy Separator                : /
Bus Delimiter                      : <>
Case Specifier                     : Maintain
Slice Utilization Ratio            : 100
BRAM Utilization Ratio             : 100
DSP48 Utilization Ratio            : 100
Auto BRAM Packing                  : NO
Slice Utilization Ratio Delta      : 5

=========================================================================


=========================================================================
*                          HDL Parsing                                  *
=========================================================================
Parsing VHDL file "G:\procesador\procesador1\Procesador\TallerProcesador1\unidadControl.vhd" into library work
Parsing entity <unidadControl>.
Parsing architecture <arqUC> of entity <unidadcontrol>.
Parsing VHDL file "G:\procesador\procesador1\Procesador\TallerProcesador1\registerfile.vhd" into library work
Parsing entity <registerfile>.
Parsing architecture <arqRF> of entity <registerfile>.
Parsing VHDL file "G:\procesador\procesador1\Procesador\TallerProcesador1\PC.vhd" into library work
Parsing entity <PC>.
Parsing architecture <arqPC> of entity <pc>.
Parsing VHDL file "G:\procesador\procesador1\Procesador\TallerProcesador1\nPC.vhd" into library work
Parsing entity <nPC>.
Parsing architecture <arqNPC> of entity <npc>.
Parsing VHDL file "G:\procesador\procesador1\Procesador\TallerProcesador1\instructionMemory.vhd" into library work
Parsing entity <instructionMemory>.
Parsing architecture <arqIM> of entity <instructionmemory>.
Parsing VHDL file "G:\procesador\procesador1\Procesador\TallerProcesador1\ALU.vhd" into library work
Parsing entity <ALU>.
Parsing architecture <arqALU> of entity <alu>.
Parsing VHDL file "G:\procesador\procesador1\Procesador\TallerProcesador1\adder.vhd" into library work
Parsing entity <adder>.
Parsing architecture <arqAdder> of entity <adder>.
Parsing VHDL file "G:\procesador\procesador1\Procesador\TallerProcesador1\Procesador1.vhd" into library work
Parsing entity <Procesador1>.
Parsing architecture <Behavioral> of entity <procesador1>.
ERROR:HDLCompiler:32 - "G:\procesador\procesador1\Procesador\TallerProcesador1\Procesador1.vhd" Line 123: <adder> is already declared in this region.
ERROR:HDLCompiler:1314 - "G:\procesador\procesador1\Procesador\TallerProcesador1\Procesador1.vhd" Line 124: Formal port/generic <operand1> is not declared in <adder>
ERROR:HDLCompiler:432 - "G:\procesador\procesador1\Procesador\TallerProcesador1\Procesador1.vhd" Line 123: Formal <op1> has no actual or default value.
INFO:HDLCompiler:1408 - "G:\procesador\procesador1\Procesador\TallerProcesador1\Procesador1.vhd" Line 45. op1 is declared here
INFO:HDLCompiler:1408 - "G:\procesador\procesador1\Procesador\TallerProcesador1\Procesador1.vhd" Line 46. op2 is declared here
ERROR:HDLCompiler:32 - "G:\procesador\procesador1\Procesador\TallerProcesador1\Procesador1.vhd" Line 129: <npc> is already declared in this region.
ERROR:HDLCompiler:32 - "G:\procesador\procesador1\Procesador\TallerProcesador1\Procesador1.vhd" Line 136: <pc> is already declared in this region.
ERROR:HDLCompiler:32 - "G:\procesador\procesador1\Procesador\TallerProcesador1\Procesador1.vhd" Line 143: <instructionmemory> is already declared in this region.
ERROR:HDLCompiler:32 - "G:\procesador\procesador1\Procesador\TallerProcesador1\Procesador1.vhd" Line 151: <registerfile> is already declared in this region.
ERROR:HDLCompiler:32 - "G:\procesador\procesador1\Procesador\TallerProcesador1\Procesador1.vhd" Line 162: <unidadcontrol> is already declared in this region.
ERROR:HDLCompiler:32 - "G:\procesador\procesador1\Procesador\TallerProcesador1\Procesador1.vhd" Line 172: <alu> is already declared in this region.
ERROR:HDLCompiler:854 - "G:\procesador\procesador1\Procesador\TallerProcesador1\Procesador1.vhd" Line 42: Unit <behavioral> ignored due to previous errors.
VHDL file G:\procesador\procesador1\Procesador\TallerProcesador1\Procesador1.vhd ignored due to errors
--> 

Total memory usage is 242064 kilobytes

Number of errors   :   10 (   0 filtered)
Number of warnings :    0 (   0 filtered)
Number of infos    :    0 (   0 filtered)

