Command line:
   tbProcesador3_isim_beh.exe
     -simmode  gui
     -simrunnum  0
     -socket  57668

Mon Apr 25 13:27:45 2016


 Elaboration Time: 0.124801 sec

 Current Memory Usage: 1169.03 Meg

 Total Signals          : 73
 Total Nets             : 3805
 Total Signal Drivers   : 17
 Total Blocks           : 18
 Total Primitive Blocks : 16
 Total Processes        : 14
 Total Traceable Variables  : 16
 Total Scalar Nets and Variables : 4307
Total Line Count : 115

 Total Simulation Time: 0.124801 sec

 Current Memory Usage: 1169.03 Meg

Mon Apr 25 13:27:52 2016

